<html>
<head>
<title>TestNG:  Automation_Gan_Bhaanu</title>
<link href="../testng.css" rel="stylesheet" type="text/css" />
<link href="../my-testng.css" rel="stylesheet" type="text/css" />

<style type="text/css">
.log { display: none;} 
.stack-trace { display: none;} 
</style>
<script type="text/javascript">
<!--
function flip(e) {
  current = e.style.display;
  if (current == 'block') {
    e.style.display = 'none';
    return 0;
  }
  else {
    e.style.display = 'block';
    return 1;
  }
}

function toggleBox(szDivId, elem, msg1, msg2)
{
  var res = -1;  if (document.getElementById) {
    res = flip(document.getElementById(szDivId));
  }
  else if (document.all) {
    // this is the way old msie versions work
    res = flip(document.all[szDivId]);
  }
  if(elem) {
    if(res == 0) elem.innerHTML = msg1; else elem.innerHTML = msg2;
  }

}

function toggleAllBoxes() {
  if (document.getElementsByTagName) {
    d = document.getElementsByTagName('div');
    for (i = 0; i < d.length; i++) {
      if (d[i].className == 'log') {
        flip(d[i]);
      }
    }
  }
}

// -->
</script>

</head>
<body>
<h2 align='center'>Automation_Gan_Bhaanu</h2><table border='1' align="center">
<tr>
<td>Tests passed/Failed/Skipped:</td><td>2/1/0</td>
</tr><tr>
<td>Started on:</td><td>Wed Dec 28 23:51:31 NZDT 2022</td>
</tr>
<tr><td>Total time:</td><td>63 seconds (63599 ms)</td>
</tr><tr>
<td>Included groups:</td><td></td>
</tr><tr>
<td>Excluded groups:</td><td></td>
</tr>
</table><p/>
<small><i>(Hover the method name to see the test class name)</i></small><p/>
<table width='100%' border='1' class='invocation-failed'>
<tr><td colspan='4' align='center'><b>FAILED TESTS</b></td></tr>
<tr><td><b>Test method</b></td>
<td width="30%"><b>Exception</b></td>
<td width="10%"><b>Time (seconds)</b></td>
<td><b>Instance</b></td>
</tr>
<tr>
<td title='runner.TestRunnerTestng.runScenario()'><b>runScenario</b><br>Test class: runner.TestRunnerTestng<br>Test method: Runs Cucumber Scenarios<br>Parameters: "This test use to verify logout", "Login Harry Harry"</td>
<td><div><pre>java.lang.AssertionError: no such element: Unable to locate element: {&quot;method&quot;:&quot;xpath&quot;,&quot;selector&quot;:&quot;//button/span/span[text()=&apos;MMHLOGO&apos;]&quot;}
  (Session info: chrome=108.0.5359.125)
For documentation on this error, please visit: https://www.seleniumhq.org/exceptions/no_such_element.html
Build info: version: &apos;3.141.59&apos;, revision: &apos;e82be7d358&apos;, time: &apos;2018-11-14T08:17:03&apos;
System info: host: &apos;LAPTOP-G0UQGSFP&apos;, ip: &apos;192.168.0.134&apos;, os.name: &apos;Windows 11&apos;, os.arch: &apos;amd64&apos;, os.version: &apos;10.0&apos;, java.version: &apos;1.8.0_351&apos;
Driver info: org.openqa.selenium.chrome.ChromeDriver
Capabilities {acceptInsecureCerts: false, browserName: chrome, browserVersion: 108.0.5359.125, chrome: {chromedriverVersion: 108.0.5359.71 (1e0e3868ee06..., userDataDir: C:\Users\BHAANU~1\AppData\L...}, goog:chromeOptions: {debuggerAddress: localhost:56325}, javascriptEnabled: true, networkConnectionEnabled: false, pageLoadStrategy: normal, platform: WINDOWS, platformName: WINDOWS, proxy: Proxy(), setWindowRect: true, strictFileInteractability: false, timeouts: {implicit: 0, pageLoad: 300000, script: 30000}, unhandledPromptBehavior: dismiss and notify, webauthn:extension:credBlob: true, webauthn:extension:largeBlob: true, webauthn:virtualAuthenticators: true}
Session ID: 6abd90c31d8bc1fbd5a4c4ff8b7621c2
*** Element info: {Using=xpath, value=//button/span/span[text()=&apos;MMHLOGO&apos;]}
	at org.junit.Assert.fail(Assert.java:89)
	at stepdefinition.LoginStepDef.iClickMMHLogo(LoginStepDef.java:142)
	at ✽.I click MMH Logo(file:///E:/Automation_Gan_Bhaanu/src/test/resources/features/Login.feature:32)
</pre></div><a href='#' onClick='toggleBox("stack-trace1502843539", this, "Click to show all stack frames", "Click to hide stack frames")'>Click to show all stack frames</a>
<div class='stack-trace' id='stack-trace1502843539'><pre>java.lang.AssertionError: no such element: Unable to locate element: {&quot;method&quot;:&quot;xpath&quot;,&quot;selector&quot;:&quot;//button/span/span[text()=&apos;MMHLOGO&apos;]&quot;}
  (Session info: chrome=108.0.5359.125)
For documentation on this error, please visit: https://www.seleniumhq.org/exceptions/no_such_element.html
Build info: version: &apos;3.141.59&apos;, revision: &apos;e82be7d358&apos;, time: &apos;2018-11-14T08:17:03&apos;
System info: host: &apos;LAPTOP-G0UQGSFP&apos;, ip: &apos;192.168.0.134&apos;, os.name: &apos;Windows 11&apos;, os.arch: &apos;amd64&apos;, os.version: &apos;10.0&apos;, java.version: &apos;1.8.0_351&apos;
Driver info: org.openqa.selenium.chrome.ChromeDriver
Capabilities {acceptInsecureCerts: false, browserName: chrome, browserVersion: 108.0.5359.125, chrome: {chromedriverVersion: 108.0.5359.71 (1e0e3868ee06..., userDataDir: C:\Users\BHAANU~1\AppData\L...}, goog:chromeOptions: {debuggerAddress: localhost:56325}, javascriptEnabled: true, networkConnectionEnabled: false, pageLoadStrategy: normal, platform: WINDOWS, platformName: WINDOWS, proxy: Proxy(), setWindowRect: true, strictFileInteractability: false, timeouts: {implicit: 0, pageLoad: 300000, script: 30000}, unhandledPromptBehavior: dismiss and notify, webauthn:extension:credBlob: true, webauthn:extension:largeBlob: true, webauthn:virtualAuthenticators: true}
Session ID: 6abd90c31d8bc1fbd5a4c4ff8b7621c2
*** Element info: {Using=xpath, value=//button/span/span[text()=&apos;MMHLOGO&apos;]}
	at org.junit.Assert.fail(Assert.java:89)
	at stepdefinition.LoginStepDef.iClickMMHLogo(LoginStepDef.java:142)
	at ✽.I click MMH Logo(file:///E:/Automation_Gan_Bhaanu/src/test/resources/features/Login.feature:32)
</pre></div></td>
<td>22</td>
<td>runner.TestRunnerTestng@5ce81285</td></tr>
</table><p>
<table width='100%' border='1' class='invocation-passed'>
<tr><td colspan='4' align='center'><b>PASSED TESTS</b></td></tr>
<tr><td><b>Test method</b></td>
<td width="30%"><b>Exception</b></td>
<td width="10%"><b>Time (seconds)</b></td>
<td><b>Instance</b></td>
</tr>
<tr>
<td title='runner.TestRunnerTestng.runScenario()'><b>runScenario</b><br>Test class: runner.TestRunnerTestng<br>Test method: Runs Cucumber Scenarios<br>Parameters: "Changing machines timezone", "Login Harry Harry"</td>
<td></td>
<td>2</td>
<td>runner.TestRunnerTestng@5ce81285</td></tr>
<tr>
<td title='runner.TestRunnerTestng.runScenario()'><b>runScenario</b><br>Test class: runner.TestRunnerTestng<br>Test method: Runs Cucumber Scenarios<br>Parameters: "This test use to verify login", "Login Harry Harry"</td>
<td></td>
<td>36</td>
<td>runner.TestRunnerTestng@5ce81285</td></tr>
</table><p>
</body>
</html>