<?xml version="1.0" encoding="UTF-8"?>
<testng-results skipped="0" failed="2" ignored="0" total="2" passed="0">
  <reporter-output>
  </reporter-output>
  <suite name="Surefire suite" duration-ms="30527" started-at="2022-12-15T11:36:50 IST" finished-at="2022-12-15T11:37:21 IST">
    <groups>
      <group name="cucumber">
        <method signature="AbstractTestNGCucumberTests.runScenario(io.cucumber.testng.PickleWrapper,io.cucumber.testng.FeatureWrapper)[pri:0, instance:runner.TestRunnerTestng@9a7504c]" name="runScenario" class="io.cucumber.testng.AbstractTestNGCucumberTests"/>
      </group> <!-- cucumber -->
    </groups>
    <test name="Surefire test" duration-ms="30527" started-at="2022-12-15T11:36:50 IST" finished-at="2022-12-15T11:37:21 IST">
      <class name="runner.TestRunnerTestng">
        <test-method status="PASS" signature="setUpClass(org.testng.ITestContext)[pri:0, instance:runner.TestRunnerTestng@9a7504c]" name="setUpClass" is-config="true" duration-ms="745" started-at="2022-12-15T11:36:50 IST" finished-at="2022-12-15T11:36:51 IST">
          <params>
            <param index="0">
              <value>
                <![CDATA[org.testng.TestRunner@1b1252c8]]>
              </value>
            </param>
          </params>
          <reporter-output>
          </reporter-output>
        </test-method> <!-- setUpClass -->
        <test-method status="FAIL" signature="runScenario(io.cucumber.testng.PickleWrapper,io.cucumber.testng.FeatureWrapper)[pri:0, instance:runner.TestRunnerTestng@9a7504c]" name="runScenario" duration-ms="26024" started-at="2022-12-15T11:36:51 IST" description="Runs Cucumber Scenarios" data-provider="scenarios" finished-at="2022-12-15T11:37:17 IST">
          <params>
            <param index="0">
              <value>
                <![CDATA["This test use to verify login"]]>
              </value>
            </param>
            <param index="1">
              <value>
                <![CDATA["Login Harry Harry"]]>
              </value>
            </param>
          </params>
          <exception class="java.lang.AssertionError">
            <message>
              <![CDATA[no such element: Unable to locate element: {"method":"xpath","selector":"//div[@class='appVersion']"}
  (Session info: chrome=108.0.5359.99)
For documentation on this error, please visit: https://www.seleniumhq.org/exceptions/no_such_element.html
Build info: version: '3.141.59', revision: 'e82be7d358', time: '2018-11-14T08:17:03'
System info: host: 'LAPTOP-G0UQGSFP', ip: '192.168.0.134', os.name: 'Windows 11', os.arch: 'amd64', os.version: '10.0', java.version: '1.8.0_351'
Driver info: org.openqa.selenium.chrome.ChromeDriver
Capabilities {acceptInsecureCerts: false, browserName: chrome, browserVersion: 108.0.5359.99, chrome: {chromedriverVersion: 108.0.5359.71 (1e0e3868ee06..., userDataDir: C:\Users\BHAANU~1\AppData\L...}, goog:chromeOptions: {debuggerAddress: localhost:56868}, javascriptEnabled: true, networkConnectionEnabled: false, pageLoadStrategy: normal, platform: WINDOWS, platformName: WINDOWS, proxy: Proxy(), setWindowRect: true, strictFileInteractability: false, timeouts: {implicit: 0, pageLoad: 300000, script: 30000}, unhandledPromptBehavior: dismiss and notify, webauthn:extension:credBlob: true, webauthn:extension:largeBlob: true, webauthn:virtualAuthenticators: true}
Session ID: 064f5b2b773d7accb1d59538054bc0ae
*** Element info: {Using=xpath, value=//div[@class='appVersion']}]]>
            </message>
            <full-stacktrace>
              <![CDATA[java.lang.AssertionError: no such element: Unable to locate element: {"method":"xpath","selector":"//div[@class='appVersion']"}
  (Session info: chrome=108.0.5359.99)
For documentation on this error, please visit: https://www.seleniumhq.org/exceptions/no_such_element.html
Build info: version: '3.141.59', revision: 'e82be7d358', time: '2018-11-14T08:17:03'
System info: host: 'LAPTOP-G0UQGSFP', ip: '192.168.0.134', os.name: 'Windows 11', os.arch: 'amd64', os.version: '10.0', java.version: '1.8.0_351'
Driver info: org.openqa.selenium.chrome.ChromeDriver
Capabilities {acceptInsecureCerts: false, browserName: chrome, browserVersion: 108.0.5359.99, chrome: {chromedriverVersion: 108.0.5359.71 (1e0e3868ee06..., userDataDir: C:\Users\BHAANU~1\AppData\L...}, goog:chromeOptions: {debuggerAddress: localhost:56868}, javascriptEnabled: true, networkConnectionEnabled: false, pageLoadStrategy: normal, platform: WINDOWS, platformName: WINDOWS, proxy: Proxy(), setWindowRect: true, strictFileInteractability: false, timeouts: {implicit: 0, pageLoad: 300000, script: 30000}, unhandledPromptBehavior: dismiss and notify, webauthn:extension:credBlob: true, webauthn:extension:largeBlob: true, webauthn:virtualAuthenticators: true}
Session ID: 064f5b2b773d7accb1d59538054bc0ae
*** Element info: {Using=xpath, value=//div[@class='appVersion']}
at org.junit.Assert.fail(Assert.java:89)
at stepdefinition.LoginStepDef.click_the_login_button(LoginStepDef.java:88)
at ✽.Click the Login button(file:///E:/Automation_Gan_Bhaanu/src/test/resources/features/Login.feature:9)
]]>
            </full-stacktrace>
          </exception> <!-- java.lang.AssertionError -->
          <reporter-output>
          </reporter-output>
        </test-method> <!-- runScenario -->
        <test-method status="FAIL" signature="runScenario(io.cucumber.testng.PickleWrapper,io.cucumber.testng.FeatureWrapper)[pri:0, instance:runner.TestRunnerTestng@9a7504c]" name="runScenario" duration-ms="1669" started-at="2022-12-15T11:37:17 IST" description="Runs Cucumber Scenarios" data-provider="scenarios" finished-at="2022-12-15T11:37:18 IST">
          <params>
            <param index="0">
              <value>
                <![CDATA["This test use to verify logout"]]>
              </value>
            </param>
            <param index="1">
              <value>
                <![CDATA["Login Harry Harry"]]>
              </value>
            </param>
          </params>
          <exception class="java.lang.AssertionError">
            <message>
              <![CDATA[stale element reference: element is not attached to the page document
  (Session info: chrome=108.0.5359.99)
For documentation on this error, please visit: https://www.seleniumhq.org/exceptions/stale_element_reference.html
Build info: version: '3.141.59', revision: 'e82be7d358', time: '2018-11-14T08:17:03'
System info: host: 'LAPTOP-G0UQGSFP', ip: '192.168.0.134', os.name: 'Windows 11', os.arch: 'amd64', os.version: '10.0', java.version: '1.8.0_351'
Driver info: org.openqa.selenium.chrome.ChromeDriver
Capabilities {acceptInsecureCerts: false, browserName: chrome, browserVersion: 108.0.5359.99, chrome: {chromedriverVersion: 108.0.5359.71 (1e0e3868ee06..., userDataDir: C:\Users\BHAANU~1\AppData\L...}, goog:chromeOptions: {debuggerAddress: localhost:56868}, javascriptEnabled: true, networkConnectionEnabled: false, pageLoadStrategy: normal, platform: WINDOWS, platformName: WINDOWS, proxy: Proxy(), setWindowRect: true, strictFileInteractability: false, timeouts: {implicit: 0, pageLoad: 300000, script: 30000}, unhandledPromptBehavior: dismiss and notify, webauthn:extension:credBlob: true, webauthn:extension:largeBlob: true, webauthn:virtualAuthenticators: true}
Session ID: 064f5b2b773d7accb1d59538054bc0ae]]>
            </message>
            <full-stacktrace>
              <![CDATA[java.lang.AssertionError: stale element reference: element is not attached to the page document
  (Session info: chrome=108.0.5359.99)
For documentation on this error, please visit: https://www.seleniumhq.org/exceptions/stale_element_reference.html
Build info: version: '3.141.59', revision: 'e82be7d358', time: '2018-11-14T08:17:03'
System info: host: 'LAPTOP-G0UQGSFP', ip: '192.168.0.134', os.name: 'Windows 11', os.arch: 'amd64', os.version: '10.0', java.version: '1.8.0_351'
Driver info: org.openqa.selenium.chrome.ChromeDriver
Capabilities {acceptInsecureCerts: false, browserName: chrome, browserVersion: 108.0.5359.99, chrome: {chromedriverVersion: 108.0.5359.71 (1e0e3868ee06..., userDataDir: C:\Users\BHAANU~1\AppData\L...}, goog:chromeOptions: {debuggerAddress: localhost:56868}, javascriptEnabled: true, networkConnectionEnabled: false, pageLoadStrategy: normal, platform: WINDOWS, platformName: WINDOWS, proxy: Proxy(), setWindowRect: true, strictFileInteractability: false, timeouts: {implicit: 0, pageLoad: 300000, script: 30000}, unhandledPromptBehavior: dismiss and notify, webauthn:extension:credBlob: true, webauthn:extension:largeBlob: true, webauthn:virtualAuthenticators: true}
Session ID: 064f5b2b773d7accb1d59538054bc0ae
at org.junit.Assert.fail(Assert.java:89)
at stepdefinition.LoginStepDef.login_button_clicked_successfully(LoginStepDef.java:47)
at ✽.login button clicked successfully(file:///E:/Automation_Gan_Bhaanu/src/test/resources/features/Login.feature:19)
]]>
            </full-stacktrace>
          </exception> <!-- java.lang.AssertionError -->
          <reporter-output>
          </reporter-output>
        </test-method> <!-- runScenario -->
        <test-method status="PASS" signature="tearDownClass()[pri:0, instance:runner.TestRunnerTestng@9a7504c]" name="tearDownClass" is-config="true" duration-ms="2048" started-at="2022-12-15T11:37:18 IST" finished-at="2022-12-15T11:37:21 IST">
          <reporter-output>
          </reporter-output>
        </test-method> <!-- tearDownClass -->
        <test-method status="PASS" signature="teardown()[pri:0, instance:runner.TestRunnerTestng@9a7504c]" name="teardown" is-config="true" duration-ms="0" started-at="2022-12-15T11:37:18 IST" finished-at="2022-12-15T11:37:18 IST">
          <reporter-output>
          </reporter-output>
        </test-method> <!-- teardown -->
      </class> <!-- runner.TestRunnerTestng -->
    </test> <!-- Surefire test -->
  </suite> <!-- Surefire suite -->
</testng-results>
